<?xml version="1.0" encoding="UTF-8"?>
<coverage generated="1709766956136" clover="3.2.0">
  <project timestamp="1709766956136" name="All files">
    <metrics statements="58" coveredstatements="50" conditionals="7" coveredconditionals="2" methods="18" coveredmethods="15" elements="83" coveredelements="67" complexity="0" loc="58" ncloc="58" packages="3" files="8" classes="8"/>
    <package name="test">
      <metrics statements="21" coveredstatements="21" conditionals="0" coveredconditionals="0" methods="15" coveredmethods="15"/>
      <file name="endpoints.ts" path="/Users/andreimashedo/rss/nodejs2024Q1-service/test/endpoints.ts">
        <metrics statements="21" coveredstatements="21" conditionals="0" coveredconditionals="0" methods="15" coveredmethods="15"/>
        <line num="1" count="11" type="stmt"/>
        <line num="3" count="5" type="stmt"/>
        <line num="5" count="6" type="stmt"/>
        <line num="6" count="7" type="stmt"/>
        <line num="9" count="11" type="stmt"/>
        <line num="11" count="3" type="stmt"/>
        <line num="13" count="3" type="stmt"/>
        <line num="14" count="4" type="stmt"/>
        <line num="17" count="11" type="stmt"/>
        <line num="19" count="3" type="stmt"/>
        <line num="21" count="3" type="stmt"/>
        <line num="22" count="5" type="stmt"/>
        <line num="25" count="11" type="stmt"/>
        <line num="27" count="3" type="stmt"/>
        <line num="29" count="3" type="stmt"/>
        <line num="30" count="4" type="stmt"/>
        <line num="33" count="11" type="stmt"/>
        <line num="35" count="4" type="stmt"/>
        <line num="36" count="2" type="stmt"/>
        <line num="37" count="2" type="stmt"/>
        <line num="40" count="11" type="stmt"/>
      </file>
    </package>
    <package name="test.lib">
      <metrics statements="8" coveredstatements="8" conditionals="2" coveredconditionals="1" methods="0" coveredmethods="0"/>
      <file name="index.ts" path="/Users/andreimashedo/rss/nodejs2024Q1-service/test/lib/index.ts">
        <metrics statements="2" coveredstatements="2" conditionals="0" coveredconditionals="0" methods="0" coveredmethods="0"/>
        <line num="1" count="10" type="stmt"/>
        <line num="3" count="10" type="stmt"/>
      </file>
      <file name="request.ts" path="/Users/andreimashedo/rss/nodejs2024Q1-service/test/lib/request.ts">
        <metrics statements="6" coveredstatements="6" conditionals="2" coveredconditionals="1" methods="0" coveredmethods="0"/>
        <line num="1" count="11" type="stmt"/>
        <line num="2" count="11" type="stmt"/>
        <line num="4" count="11" type="cond" truecount="1" falsecount="1"/>
        <line num="6" count="11" type="stmt"/>
        <line num="7" count="11" type="stmt"/>
        <line num="9" count="11" type="stmt"/>
      </file>
    </package>
    <package name="test.utils">
      <metrics statements="29" coveredstatements="21" conditionals="5" coveredconditionals="1" methods="3" coveredmethods="0"/>
      <file name="getTokenAndUserId.ts" path="/Users/andreimashedo/rss/nodejs2024Q1-service/test/utils/getTokenAndUserId.ts">
        <metrics statements="10" coveredstatements="4" conditionals="3" coveredconditionals="0" methods="1" coveredmethods="0"/>
        <line num="1" count="6" type="stmt"/>
        <line num="3" count="6" type="stmt"/>
        <line num="8" count="6" type="stmt"/>
        <line num="12" count="0" type="stmt"/>
        <line num="20" count="0" type="stmt"/>
        <line num="25" count="0" type="cond" truecount="0" falsecount="3"/>
        <line num="26" count="0" type="stmt"/>
        <line num="29" count="0" type="stmt"/>
        <line num="31" count="0" type="stmt"/>
        <line num="40" count="6" type="stmt"/>
      </file>
      <file name="index.ts" path="/Users/andreimashedo/rss/nodejs2024Q1-service/test/utils/index.ts">
        <metrics statements="8" coveredstatements="8" conditionals="0" coveredconditionals="0" methods="0" coveredmethods="0"/>
        <line num="1" count="6" type="stmt"/>
        <line num="2" count="6" type="stmt"/>
        <line num="3" count="6" type="stmt"/>
        <line num="4" count="6" type="stmt"/>
        <line num="7" count="6" type="stmt"/>
        <line num="8" count="6" type="stmt"/>
        <line num="9" count="6" type="stmt"/>
        <line num="10" count="6" type="stmt"/>
      </file>
      <file name="removeTokenUser.ts" path="/Users/andreimashedo/rss/nodejs2024Q1-service/test/utils/removeTokenUser.ts">
        <metrics statements="4" coveredstatements="3" conditionals="0" coveredconditionals="0" methods="1" coveredmethods="0"/>
        <line num="1" count="6" type="stmt"/>
        <line num="3" count="6" type="stmt"/>
        <line num="5" count="0" type="stmt"/>
        <line num="8" count="6" type="stmt"/>
      </file>
      <file name="shouldAuthorizationBeTested.ts" path="/Users/andreimashedo/rss/nodejs2024Q1-service/test/utils/shouldAuthorizationBeTested.ts">
        <metrics statements="1" coveredstatements="1" conditionals="0" coveredconditionals="0" methods="0" coveredmethods="0"/>
        <line num="1" count="6" type="stmt"/>
      </file>
      <file name="tokens.ts" path="/Users/andreimashedo/rss/nodejs2024Q1-service/test/utils/tokens.ts">
        <metrics statements="6" coveredstatements="5" conditionals="2" coveredconditionals="1" methods="1" coveredmethods="0"/>
        <line num="1" count="6" type="stmt"/>
        <line num="2" count="6" type="stmt"/>
        <line num="4" count="6" type="cond" truecount="1" falsecount="1"/>
        <line num="6" count="6" type="stmt"/>
        <line num="7" count="0" type="stmt"/>
        <line num="10" count="6" type="stmt"/>
      </file>
    </package>
  </project>
</coverage>
