{"/Users/andreimashedo/rss/nodejs2024Q1-service/test/endpoints.ts": {"path":"/Users/andreimashedo/rss/nodejs2024Q1-service/test/endpoints.ts","statementMap":{"0":{"start":{"line":1,"column":13},"end":{"line":7,"column":2}},"1":{"start":{"line":3,"column":23},"end":{"line":3,"column":40}},"2":{"start":{"line":5,"column":22},"end":{"line":5,"column":39}},"3":{"start":{"line":6,"column":22},"end":{"line":6,"column":39}},"4":{"start":{"line":9,"column":13},"end":{"line":15,"column":2}},"5":{"start":{"line":11,"column":25},"end":{"line":11,"column":46}},"6":{"start":{"line":13,"column":24},"end":{"line":13,"column":45}},"7":{"start":{"line":14,"column":24},"end":{"line":14,"column":45}},"8":{"start":{"line":17,"column":13},"end":{"line":23,"column":2}},"9":{"start":{"line":19,"column":24},"end":{"line":19,"column":43}},"10":{"start":{"line":21,"column":23},"end":{"line":21,"column":42}},"11":{"start":{"line":22,"column":23},"end":{"line":22,"column":42}},"12":{"start":{"line":25,"column":13},"end":{"line":31,"column":2}},"13":{"start":{"line":27,"column":24},"end":{"line":27,"column":43}},"14":{"start":{"line":29,"column":23},"end":{"line":29,"column":42}},"15":{"start":{"line":30,"column":23},"end":{"line":30,"column":42}},"16":{"start":{"line":33,"column":13},"end":{"line":38,"column":2}},"17":{"start":{"line":35,"column":25},"end":{"line":35,"column":51}},"18":{"start":{"line":36,"column":23},"end":{"line":36,"column":47}},"19":{"start":{"line":37,"column":23},"end":{"line":37,"column":47}},"20":{"start":{"line":40,"column":13},"end":{"line":44,"column":2}}},"fnMap":{"0":{"name":"(anonymous_0)","decl":{"start":{"line":3,"column":11},"end":{"line":3,"column":12}},"loc":{"start":{"line":3,"column":23},"end":{"line":3,"column":40}}},"1":{"name":"(anonymous_1)","decl":{"start":{"line":5,"column":10},"end":{"line":5,"column":11}},"loc":{"start":{"line":5,"column":22},"end":{"line":5,"column":39}}},"2":{"name":"(anonymous_2)","decl":{"start":{"line":6,"column":10},"end":{"line":6,"column":11}},"loc":{"start":{"line":6,"column":22},"end":{"line":6,"column":39}}},"3":{"name":"(anonymous_3)","decl":{"start":{"line":11,"column":11},"end":{"line":11,"column":12}},"loc":{"start":{"line":11,"column":25},"end":{"line":11,"column":46}}},"4":{"name":"(anonymous_4)","decl":{"start":{"line":13,"column":10},"end":{"line":13,"column":11}},"loc":{"start":{"line":13,"column":24},"end":{"line":13,"column":45}}},"5":{"name":"(anonymous_5)","decl":{"start":{"line":14,"column":10},"end":{"line":14,"column":11}},"loc":{"start":{"line":14,"column":24},"end":{"line":14,"column":45}}},"6":{"name":"(anonymous_6)","decl":{"start":{"line":19,"column":11},"end":{"line":19,"column":12}},"loc":{"start":{"line":19,"column":24},"end":{"line":19,"column":43}}},"7":{"name":"(anonymous_7)","decl":{"start":{"line":21,"column":10},"end":{"line":21,"column":11}},"loc":{"start":{"line":21,"column":23},"end":{"line":21,"column":42}}},"8":{"name":"(anonymous_8)","decl":{"start":{"line":22,"column":10},"end":{"line":22,"column":11}},"loc":{"start":{"line":22,"column":23},"end":{"line":22,"column":42}}},"9":{"name":"(anonymous_9)","decl":{"start":{"line":27,"column":11},"end":{"line":27,"column":12}},"loc":{"start":{"line":27,"column":24},"end":{"line":27,"column":43}}},"10":{"name":"(anonymous_10)","decl":{"start":{"line":29,"column":10},"end":{"line":29,"column":11}},"loc":{"start":{"line":29,"column":23},"end":{"line":29,"column":42}}},"11":{"name":"(anonymous_11)","decl":{"start":{"line":30,"column":10},"end":{"line":30,"column":11}},"loc":{"start":{"line":30,"column":23},"end":{"line":30,"column":42}}},"12":{"name":"(anonymous_12)","decl":{"start":{"line":35,"column":11},"end":{"line":35,"column":12}},"loc":{"start":{"line":35,"column":25},"end":{"line":35,"column":51}}},"13":{"name":"(anonymous_13)","decl":{"start":{"line":36,"column":10},"end":{"line":36,"column":11}},"loc":{"start":{"line":36,"column":23},"end":{"line":36,"column":47}}},"14":{"name":"(anonymous_14)","decl":{"start":{"line":37,"column":10},"end":{"line":37,"column":11}},"loc":{"start":{"line":37,"column":23},"end":{"line":37,"column":47}}}},"branchMap":{},"s":{"0":11,"1":5,"2":6,"3":7,"4":11,"5":3,"6":3,"7":4,"8":11,"9":3,"10":3,"11":5,"12":11,"13":3,"14":3,"15":4,"16":11,"17":4,"18":2,"19":2,"20":11},"f":{"0":5,"1":6,"2":7,"3":3,"4":3,"5":4,"6":3,"7":3,"8":5,"9":3,"10":3,"11":4,"12":4,"13":2,"14":2},"b":{}}
,"/Users/andreimashedo/rss/nodejs2024Q1-service/test/lib/index.ts": {"path":"/Users/andreimashedo/rss/nodejs2024Q1-service/test/lib/index.ts","statementMap":{"0":{"start":{"line":1,"column":0},"end":{"line":1,"column":7}},"1":{"start":{"line":3,"column":9},"end":{"line":1,"column":32}}},"fnMap":{},"branchMap":{},"s":{"0":10,"1":10},"f":{},"b":{}}
,"/Users/andreimashedo/rss/nodejs2024Q1-service/test/lib/request.ts": {"path":"/Users/andreimashedo/rss/nodejs2024Q1-service/test/lib/request.ts","statementMap":{"0":{"start":{"line":1,"column":0},"end":{"line":1,"column":37}},"1":{"start":{"line":2,"column":0},"end":{"line":2,"column":23}},"2":{"start":{"line":4,"column":13},"end":{"line":4,"column":37}},"3":{"start":{"line":6,"column":13},"end":{"line":6,"column":32}},"4":{"start":{"line":7,"column":17},"end":{"line":7,"column":30}},"5":{"start":{"line":9,"column":0},"end":{"line":9,"column":24}}},"fnMap":{},"branchMap":{"0":{"loc":{"start":{"line":4,"column":13},"end":{"line":4,"column":37}},"type":"binary-expr","locations":[{"start":{"line":4,"column":13},"end":{"line":4,"column":29}},{"start":{"line":4,"column":33},"end":{"line":4,"column":37}}]}},"s":{"0":11,"1":11,"2":11,"3":11,"4":11,"5":11},"f":{},"b":{"0":[11,0]}}
,"/Users/andreimashedo/rss/nodejs2024Q1-service/test/utils/getTokenAndUserId.ts": {"path":"/Users/andreimashedo/rss/nodejs2024Q1-service/test/utils/getTokenAndUserId.ts","statementMap":{"0":{"start":{"line":1,"column":0},"end":{"line":1,"column":42}},"1":{"start":{"line":3,"column":22},"end":{"line":6,"column":2}},"2":{"start":{"line":8,"column":26},"end":{"line":38,"column":1}},"3":{"start":{"line":12,"column":6},"end":{"line":15,"column":24}},"4":{"start":{"line":20,"column":6},"end":{"line":23,"column":24}},"5":{"start":{"line":25,"column":2},"end":{"line":27,"column":null}},"6":{"start":{"line":26,"column":4},"end":{"line":26,"column":56}},"7":{"start":{"line":29,"column":16},"end":{"line":29,"column":39}},"8":{"start":{"line":31,"column":2},"end":{"line":37,"column":4}},"9":{"start":{"line":40,"column":0},"end":{"line":40,"column":33}}},"fnMap":{"0":{"name":"(anonymous_0)","decl":{"start":{"line":8,"column":26},"end":{"line":8,"column":31}},"loc":{"start":{"line":8,"column":44},"end":{"line":38,"column":1}}}},"branchMap":{"0":{"loc":{"start":{"line":25,"column":2},"end":{"line":27,"column":null}},"type":"if","locations":[{"start":{"line":25,"column":2},"end":{"line":27,"column":null}}]},"1":{"loc":{"start":{"line":25,"column":6},"end":{"line":25,"column":59}},"type":"binary-expr","locations":[{"start":{"line":25,"column":6},"end":{"line":25,"column":30}},{"start":{"line":25,"column":34},"end":{"line":25,"column":59}}]}},"s":{"0":6,"1":6,"2":6,"3":0,"4":0,"5":0,"6":0,"7":0,"8":0,"9":6},"f":{"0":0},"b":{"0":[0],"1":[0,0]}}
,"/Users/andreimashedo/rss/nodejs2024Q1-service/test/utils/index.ts": {"path":"/Users/andreimashedo/rss/nodejs2024Q1-service/test/utils/index.ts","statementMap":{"0":{"start":{"line":1,"column":0},"end":{"line":1,"column":7}},"1":{"start":{"line":7,"column":2},"end":{"line":1,"column":52}},"2":{"start":{"line":2,"column":0},"end":{"line":2,"column":7}},"3":{"start":{"line":9,"column":2},"end":{"line":2,"column":48}},"4":{"start":{"line":3,"column":0},"end":{"line":3,"column":7}},"5":{"start":{"line":8,"column":2},"end":{"line":3,"column":72}},"6":{"start":{"line":4,"column":0},"end":{"line":4,"column":7}},"7":{"start":{"line":10,"column":2},"end":{"line":4,"column":44}}},"fnMap":{},"branchMap":{},"s":{"0":6,"1":6,"2":6,"3":6,"4":6,"5":6,"6":6,"7":6},"f":{},"b":{}}
,"/Users/andreimashedo/rss/nodejs2024Q1-service/test/utils/removeTokenUser.ts": {"path":"/Users/andreimashedo/rss/nodejs2024Q1-service/test/utils/removeTokenUser.ts","statementMap":{"0":{"start":{"line":1,"column":0},"end":{"line":1,"column":43}},"1":{"start":{"line":3,"column":24},"end":{"line":6,"column":1}},"2":{"start":{"line":5,"column":2},"end":{"line":5,"column":70}},"3":{"start":{"line":8,"column":0},"end":{"line":8,"column":31}}},"fnMap":{"0":{"name":"(anonymous_0)","decl":{"start":{"line":3,"column":24},"end":{"line":3,"column":29}},"loc":{"start":{"line":3,"column":65},"end":{"line":6,"column":1}}}},"branchMap":{},"s":{"0":6,"1":6,"2":0,"3":6},"f":{"0":0},"b":{}}
,"/Users/andreimashedo/rss/nodejs2024Q1-service/test/utils/shouldAuthorizationBeTested.ts": {"path":"/Users/andreimashedo/rss/nodejs2024Q1-service/test/utils/shouldAuthorizationBeTested.ts","statementMap":{"0":{"start":{"line":1,"column":0},"end":{"line":1,"column":48}}},"fnMap":{},"branchMap":{},"s":{"0":6},"f":{},"b":{}}
,"/Users/andreimashedo/rss/nodejs2024Q1-service/test/utils/tokens.ts": {"path":"/Users/andreimashedo/rss/nodejs2024Q1-service/test/utils/tokens.ts","statementMap":{"0":{"start":{"line":1,"column":0},"end":{"line":1,"column":49}},"1":{"start":{"line":2,"column":0},"end":{"line":2,"column":23}},"2":{"start":{"line":4,"column":32},"end":{"line":4,"column":72}},"3":{"start":{"line":6,"column":29},"end":{"line":8,"column":1}},"4":{"start":{"line":7,"column":2},"end":{"line":7,"column":57}},"5":{"start":{"line":10,"column":0},"end":{"line":10,"column":36}}},"fnMap":{"0":{"name":"(anonymous_0)","decl":{"start":{"line":6,"column":29},"end":{"line":6,"column":30}},"loc":{"start":{"line":6,"column":76},"end":{"line":8,"column":1}}}},"branchMap":{"0":{"loc":{"start":{"line":4,"column":32},"end":{"line":4,"column":72}},"type":"binary-expr","locations":[{"start":{"line":4,"column":32},"end":{"line":4,"column":66}},{"start":{"line":4,"column":70},"end":{"line":4,"column":72}}]}},"s":{"0":6,"1":6,"2":6,"3":6,"4":0,"5":6},"f":{"0":0},"b":{"0":[6,0]}}
}
