TN:
SF:test/endpoints.ts
FN:3,(anonymous_0)
FN:5,(anonymous_1)
FN:6,(anonymous_2)
FN:11,(anonymous_3)
FN:13,(anonymous_4)
FN:14,(anonymous_5)
FN:19,(anonymous_6)
FN:21,(anonymous_7)
FN:22,(anonymous_8)
FN:27,(anonymous_9)
FN:29,(anonymous_10)
FN:30,(anonymous_11)
FN:35,(anonymous_12)
FN:36,(anonymous_13)
FN:37,(anonymous_14)
FNF:15
FNH:15
FNDA:5,(anonymous_0)
FNDA:6,(anonymous_1)
FNDA:7,(anonymous_2)
FNDA:3,(anonymous_3)
FNDA:3,(anonymous_4)
FNDA:4,(anonymous_5)
FNDA:3,(anonymous_6)
FNDA:3,(anonymous_7)
FNDA:5,(anonymous_8)
FNDA:3,(anonymous_9)
FNDA:3,(anonymous_10)
FNDA:4,(anonymous_11)
FNDA:4,(anonymous_12)
FNDA:2,(anonymous_13)
FNDA:2,(anonymous_14)
DA:1,11
DA:3,5
DA:5,6
DA:6,7
DA:9,11
DA:11,3
DA:13,3
DA:14,4
DA:17,11
DA:19,3
DA:21,3
DA:22,5
DA:25,11
DA:27,3
DA:29,3
DA:30,4
DA:33,11
DA:35,4
DA:36,2
DA:37,2
DA:40,11
LF:21
LH:21
BRF:0
BRH:0
end_of_record
TN:
SF:test/lib/index.ts
FNF:0
FNH:0
DA:1,10
DA:3,10
LF:2
LH:2
BRF:0
BRH:0
end_of_record
TN:
SF:test/lib/request.ts
FNF:0
FNH:0
DA:1,11
DA:2,11
DA:4,11
DA:6,11
DA:7,11
DA:9,11
LF:6
LH:6
BRDA:4,0,0,11
BRDA:4,0,1,0
BRF:2
BRH:1
end_of_record
TN:
SF:test/utils/getTokenAndUserId.ts
FN:8,(anonymous_0)
FNF:1
FNH:0
FNDA:0,(anonymous_0)
DA:1,6
DA:3,6
DA:8,6
DA:12,0
DA:20,0
DA:25,0
DA:26,0
DA:29,0
DA:31,0
DA:40,6
LF:10
LH:4
BRDA:25,0,0,0
BRDA:25,1,0,0
BRDA:25,1,1,0
BRF:3
BRH:0
end_of_record
TN:
SF:test/utils/index.ts
FNF:0
FNH:0
DA:1,6
DA:2,6
DA:3,6
DA:4,6
DA:7,6
DA:8,6
DA:9,6
DA:10,6
LF:8
LH:8
BRF:0
BRH:0
end_of_record
TN:
SF:test/utils/removeTokenUser.ts
FN:3,(anonymous_0)
FNF:1
FNH:0
FNDA:0,(anonymous_0)
DA:1,6
DA:3,6
DA:5,0
DA:8,6
LF:4
LH:3
BRF:0
BRH:0
end_of_record
TN:
SF:test/utils/shouldAuthorizationBeTested.ts
FNF:0
FNH:0
DA:1,6
LF:1
LH:1
BRF:0
BRH:0
end_of_record
TN:
SF:test/utils/tokens.ts
FN:6,(anonymous_0)
FNF:1
FNH:0
FNDA:0,(anonymous_0)
DA:1,6
DA:2,6
DA:4,6
DA:6,6
DA:7,0
DA:10,6
LF:6
LH:5
BRDA:4,0,0,6
BRDA:4,0,1,0
BRF:2
BRH:1
end_of_record
